21:11:53 **** Incremental Build of configuration Debug for project 2015_v1 ****
Info: Internal Builder is used for build
arm-frc-linux-gnueabi-g++ -std=c++1y "-IC:\\Users\\FRC_2013/wpilib/cpp/current/include" "-IC:\\Users\\FRC_2013\\workspace\\2015_v1\\src" -O0 -g3 -Wall -c -fmessage-length=0 -o "src\\LIDAR.o" "..\\src\\LIDAR.cpp" 
In file included from ..\src\LIDAR.cpp:8:0:
C:\Users\FRC_2013\workspace\2015_v1\src/LIDAR.h: In constructor 'LIDAR::LIDAR()':
C:\Users\FRC_2013\workspace\2015_v1\src/LIDAR.h:31:6: warning: 'LIDAR::counter' will be initialized after [-Wreorder]
  int counter;
      ^
C:\Users\FRC_2013\workspace\2015_v1\src/LIDAR.h:30:6: warning:   'int LIDAR::cmReading' [-Wreorder]
  int cmReading;
      ^
..\src\LIDAR.cpp:18:1: warning:   when initialized here [-Wreorder]
 LIDAR::LIDAR() : I2C(I2C::Port::kMXP, address), counter(0), cmReading(0)
 ^
arm-frc-linux-gnueabi-g++ "-LC:\\Users\\FRC_2013/wpilib/cpp/current/lib" -Wl,-rpath,/opt/GenICam_v2_3/bin/Linux_armv7-a -o FRCUserProgram "src\\myUltrasonic.o" "src\\Subsystems\\myCompressor.o" "src\\Subsystems\\ExampleSubsystem.o" "src\\Subsystems\\Elevator.o" "src\\Subsystems\\Drive.o" "src\\Robot.o" "src\\OI.o" "src\\LIDAR.o" "src\\IMUProcess.o" "src\\IMUAdvanced.o" "src\\IMU.o" "src\\Commands\\testCommand.o" "src\\Commands\\teleopCommand.o" "src\\Commands\\telMessages.o" "src\\Commands\\telControl.o" "src\\Commands\\telCompress.o" "src\\Commands\\pollLIDAR.o" "src\\Commands\\moveToLocation.o" "src\\Commands\\commandWithAutomation.o" "src\\Commands\\autonomousCommand.o" "src\\Commands\\autonDriveIntoZone.o" "src\\Commands\\auton2T.o" "src\\Commands\\auton1T.o" "src\\Commands\\ExampleCommand.o" "src\\CommandBase.o" "src\\BlankPIDOutput.o" -lwpi 
c:/frc/bin/../lib/gcc/arm-frc-linux-gnueabi/4.9.1/../../../../arm-frc-linux-gnueabi/bin/ld.exe: warning: libstdc++.so.6, needed by C:\Users\FRC_2013/wpilib/cpp/current/lib\libFRC_NetworkCommunication.so.1.5.0, not found (try using -rpath or -rpath-link)
Info: Nothing to build for 2015_v1
Info: Nothing to build for BasicBot
Info: Nothing to build for LIDARTest
Info: Nothing to build for 2015_v1
Info: Nothing to build for BasicBot
Info: Nothing to build for LIDARTest
Info: Nothing to build for 2015_v1
Info: Nothing to build for BasicBot
Info: Nothing to build for LIDARTest
Info: Nothing to build for 2015_v1
Info: Nothing to build for BasicBot
Info: Nothing to build for LIDARTest
Info: Nothing to build for 2015_v1
Info: Nothing to build for BasicBot
Info: Nothing to build for LIDARTest
Info: Nothing to build for 2015_v1
Info: Nothing to build for BasicBot
Info: Nothing to build for LIDARTest
19:36:48 **** Incremental Build of configuration Debug for project 2015_v1 ****
Info: Internal Builder is used for build
arm-frc-linux-gnueabi-g++ -std=c++1y "-IC:\\Users\\FRC_2013/wpilib/cpp/current/include" "-IC:\\Users\\FRC_2013\\workspace\\2015_v1\\src" -O0 -g3 -Wall -c -fmessage-length=0 -o "src\\Commands\\teleopCommand.o" "..\\src\\Commands\\teleopCommand.cpp" 
arm-frc-linux-gnueabi-g++ -std=c++1y "-IC:\\Users\\FRC_2013/wpilib/cpp/current/include" "-IC:\\Users\\FRC_2013\\workspace\\2015_v1\\src" -O0 -g3 -Wall -c -fmessage-length=0 -o "src\\Commands\\autonDriveIntoZone.o" "..\\src\\Commands\\autonDriveIntoZone.cpp" 
arm-frc-linux-gnueabi-g++ -std=c++1y "-IC:\\Users\\FRC_2013/wpilib/cpp/current/include" "-IC:\\Users\\FRC_2013\\workspace\\2015_v1\\src" -O0 -g3 -Wall -c -fmessage-length=0 -o "src\\Commands\\moveToLocation.o" "..\\src\\Commands\\moveToLocation.cpp" 
arm-frc-linux-gnueabi-g++ -std=c++1y "-IC:\\Users\\FRC_2013/wpilib/cpp/current/include" "-IC:\\Users\\FRC_2013\\workspace\\2015_v1\\src" -O0 -g3 -Wall -c -fmessage-length=0 -o "src\\Commands\\ExampleCommand.o" "..\\src\\Commands\\ExampleCommand.cpp" 
arm-frc-linux-gnueabi-g++ -std=c++1y "-IC:\\Users\\FRC_2013/wpilib/cpp/current/include" "-IC:\\Users\\FRC_2013\\workspace\\2015_v1\\src" -O0 -g3 -Wall -c -fmessage-length=0 -o "src\\Commands\\pollLIDAR.o" "..\\src\\Commands\\pollLIDAR.cpp" 
arm-frc-linux-gnueabi-g++ -std=c++1y "-IC:\\Users\\FRC_2013/wpilib/cpp/current/include" "-IC:\\Users\\FRC_2013\\workspace\\2015_v1\\src" -O0 -g3 -Wall -c -fmessage-length=0 -o "src\\Commands\\telControl.o" "..\\src\\Commands\\telControl.cpp" 
arm-frc-linux-gnueabi-g++ -std=c++1y "-IC:\\Users\\FRC_2013/wpilib/cpp/current/include" "-IC:\\Users\\FRC_2013\\workspace\\2015_v1\\src" -O0 -g3 -Wall -c -fmessage-length=0 -o "src\\Subsystems\\Elevator.o" "..\\src\\Subsystems\\Elevator.cpp" 
In file included from ..\src\Subsystems\Elevator.cpp:1:0:
C:\Users\FRC_2013\workspace\2015_v1\src/Subsystems/Elevator.h: In constructor 'Elevator::Elevator(uint32_t, uint32_t, uint32_t, uint32_t, uint8_t, uint32_t, uint32_t, uint32_t, uint32_t, uint32_t, uint32_t, uint8_t, uint32_t, uint32_t)':
C:\Users\FRC_2013\workspace\2015_v1\src/Subsystems/Elevator.h:14:9: warning: 'Elevator::winchMotor' will be initialized after [-Wreorder]
  Victor winchMotor;
         ^
C:\Users\FRC_2013\workspace\2015_v1\src/Subsystems/Elevator.h:11:9: warning:   'Victor Elevator::armMotorR' [-Wreorder]
  Victor armMotorR;
         ^
..\src\Subsystems\Elevator.cpp:4:1: warning:   when initialized here [-Wreorder]
 Elevator::Elevator(uint32_t winchChannel, uint32_t armLChannel, uint32_t armRChannel, uint32_t conveyorChannel,
 ^
arm-frc-linux-gnueabi-g++ -std=c++1y "-IC:\\Users\\FRC_2013/wpilib/cpp/current/include" "-IC:\\Users\\FRC_2013\\workspace\\2015_v1\\src" -O0 -g3 -Wall -c -fmessage-length=0 -o "src\\CommandBase.o" "..\\src\\CommandBase.cpp" 
arm-frc-linux-gnueabi-g++ -std=c++1y "-IC:\\Users\\FRC_2013/wpilib/cpp/current/include" "-IC:\\Users\\FRC_2013\\workspace\\2015_v1\\src" -O0 -g3 -Wall -c -fmessage-length=0 -o "src\\Commands\\telMessages.o" "..\\src\\Commands\\telMessages.cpp" 
Command canceled
19:37:23 **** Rebuild of configuration Debug for project 2015_v1 ****
Info: Internal Builder is used for build
arm-frc-linux-gnueabi-g++ -std=c++1y "-IC:\\Users\\FRC_2013/wpilib/cpp/current/include" "-IC:\\Users\\FRC_2013\\workspace\\2015_v1\\src" -O0 -g3 -Wall -c -fmessage-length=0 -o "src\\Subsystems\\ExampleSubsystem.o" "..\\src\\Subsystems\\ExampleSubsystem.cpp" 
arm-frc-linux-gnueabi-g++ -std=c++1y "-IC:\\Users\\FRC_2013/wpilib/cpp/current/include" "-IC:\\Users\\FRC_2013\\workspace\\2015_v1\\src" -O0 -g3 -Wall -c -fmessage-length=0 -o "src\\Commands\\autonDriveIntoZone.o" "..\\src\\Commands\\autonDriveIntoZone.cpp" 
arm-frc-linux-gnueabi-g++ -std=c++1y "-IC:\\Users\\FRC_2013/wpilib/cpp/current/include" "-IC:\\Users\\FRC_2013\\workspace\\2015_v1\\src" -O0 -g3 -Wall -c -fmessage-length=0 -o "src\\OI.o" "..\\src\\OI.cpp" 
arm-frc-linux-gnueabi-g++ -std=c++1y "-IC:\\Users\\FRC_2013/wpilib/cpp/current/include" "-IC:\\Users\\FRC_2013\\workspace\\2015_v1\\src" -O0 -g3 -Wall -c -fmessage-length=0 -o "src\\IMU.o" "..\\src\\IMU.cpp" 
arm-frc-linux-gnueabi-g++ -std=c++1y "-IC:\\Users\\FRC_2013/wpilib/cpp/current/include" "-IC:\\Users\\FRC_2013\\workspace\\2015_v1\\src" -O0 -g3 -Wall -c -fmessage-length=0 -o "src\\Commands\\auton2T.o" "..\\src\\Commands\\auton2T.cpp" 
arm-frc-linux-gnueabi-g++ -std=c++1y "-IC:\\Users\\FRC_2013/wpilib/cpp/current/include" "-IC:\\Users\\FRC_2013\\workspace\\2015_v1\\src" -O0 -g3 -Wall -c -fmessage-length=0 -o "src\\Commands\\pollLIDAR.o" "..\\src\\Commands\\pollLIDAR.cpp" 
arm-frc-linux-gnueabi-g++ -std=c++1y "-IC:\\Users\\FRC_2013/wpilib/cpp/current/include" "-IC:\\Users\\FRC_2013\\workspace\\2015_v1\\src" -O0 -g3 -Wall -c -fmessage-length=0 -o "src\\Commands\\commandWithAutomation.o" "..\\src\\Commands\\commandWithAutomation.cpp" 
arm-frc-linux-gnueabi-g++ -std=c++1y "-IC:\\Users\\FRC_2013/wpilib/cpp/current/include" "-IC:\\Users\\FRC_2013\\workspace\\2015_v1\\src" -O0 -g3 -Wall -c -fmessage-length=0 -o "src\\Subsystems\\Drive.o" "..\\src\\Subsystems\\Drive.cpp" 
arm-frc-linux-gnueabi-g++ -std=c++1y "-IC:\\Users\\FRC_2013/wpilib/cpp/current/include" "-IC:\\Users\\FRC_2013\\workspace\\2015_v1\\src" -O0 -g3 -Wall -c -fmessage-length=0 -o "src\\CommandBase.o" "..\\src\\CommandBase.cpp" 
arm-frc-linux-gnueabi-g++ -std=c++1y "-IC:\\Users\\FRC_2013/wpilib/cpp/current/include" "-IC:\\Users\\FRC_2013\\workspace\\2015_v1\\src" -O0 -g3 -Wall -c -fmessage-length=0 -o "src\\Subsystems\\myCompressor.o" "..\\src\\Subsystems\\myCompressor.cpp" 
arm-frc-linux-gnueabi-g++ -std=c++1y "-IC:\\Users\\FRC_2013/wpilib/cpp/current/include" "-IC:\\Users\\FRC_2013\\workspace\\2015_v1\\src" -O0 -g3 -Wall -c -fmessage-length=0 -o "src\\myUltrasonic.o" "..\\src\\myUltrasonic.cpp" 
arm-frc-linux-gnueabi-g++ -std=c++1y "-IC:\\Users\\FRC_2013/wpilib/cpp/current/include" "-IC:\\Users\\FRC_2013\\workspace\\2015_v1\\src" -O0 -g3 -Wall -c -fmessage-length=0 -o "src\\LIDAR.o" "..\\src\\LIDAR.cpp" 
In file included from ..\src\LIDAR.cpp:8:0:
C:\Users\FRC_2013\workspace\2015_v1\src/LIDAR.h: In constructor 'LIDAR::LIDAR()':
C:\Users\FRC_2013\workspace\2015_v1\src/LIDAR.h:31:6: warning: 'LIDAR::counter' will be initialized after [-Wreorder]
  int counter;
      ^
C:\Users\FRC_2013\workspace\2015_v1\src/LIDAR.h:30:6: warning:   'int LIDAR::cmReading' [-Wreorder]
  int cmReading;
      ^
..\src\LIDAR.cpp:18:1: warning:   when initialized here [-Wreorder]
 LIDAR::LIDAR() : I2C(I2C::Port::kMXP, address), counter(0), cmReading(0)
 ^
arm-frc-linux-gnueabi-g++ -std=c++1y "-IC:\\Users\\FRC_2013/wpilib/cpp/current/include" "-IC:\\Users\\FRC_2013\\workspace\\2015_v1\\src" -O0 -g3 -Wall -c -fmessage-length=0 -o "src\\Commands\\auton1T.o" "..\\src\\Commands\\auton1T.cpp" 
arm-frc-linux-gnueabi-g++ -std=c++1y "-IC:\\Users\\FRC_2013/wpilib/cpp/current/include" "-IC:\\Users\\FRC_2013\\workspace\\2015_v1\\src" -O0 -g3 -Wall -c -fmessage-length=0 -o "src\\Robot.o" "..\\src\\Robot.cpp" 
arm-frc-linux-gnueabi-g++ -std=c++1y "-IC:\\Users\\FRC_2013/wpilib/cpp/current/include" "-IC:\\Users\\FRC_2013\\workspace\\2015_v1\\src" -O0 -g3 -Wall -c -fmessage-length=0 -o "src\\Commands\\moveToLocation.o" "..\\src\\Commands\\moveToLocation.cpp" 
arm-frc-linux-gnueabi-g++ -std=c++1y "-IC:\\Users\\FRC_2013/wpilib/cpp/current/include" "-IC:\\Users\\FRC_2013\\workspace\\2015_v1\\src" -O0 -g3 -Wall -c -fmessage-length=0 -o "src\\Subsystems\\Elevator.o" "..\\src\\Subsystems\\Elevator.cpp" 
In file included from ..\src\Subsystems\Elevator.cpp:1:0:
C:\Users\FRC_2013\workspace\2015_v1\src/Subsystems/Elevator.h: In constructor 'Elevator::Elevator(uint32_t, uint32_t, uint32_t, uint32_t, uint8_t, uint32_t, uint32_t, uint32_t, uint32_t, uint32_t, uint32_t, uint8_t, uint32_t, uint32_t)':
C:\Users\FRC_2013\workspace\2015_v1\src/Subsystems/Elevator.h:14:9: warning: 'Elevator::winchMotor' will be initialized after [-Wreorder]
  Victor winchMotor;
         ^
C:\Users\FRC_2013\workspace\2015_v1\src/Subsystems/Elevator.h:11:9: warning:   'Victor Elevator::armMotorR' [-Wreorder]
  Victor armMotorR;
         ^
..\src\Subsystems\Elevator.cpp:4:1: warning:   when initialized here [-Wreorder]
 Elevator::Elevator(uint32_t winchChannel, uint32_t armLChannel, uint32_t armRChannel, uint32_t conveyorChannel,
 ^
arm-frc-linux-gnueabi-g++ -std=c++1y "-IC:\\Users\\FRC_2013/wpilib/cpp/current/include" "-IC:\\Users\\FRC_2013\\workspace\\2015_v1\\src" -O0 -g3 -Wall -c -fmessage-length=0 -o "src\\Commands\\autonomousCommand.o" "..\\src\\Commands\\autonomousCommand.cpp" 
arm-frc-linux-gnueabi-g++ -std=c++1y "-IC:\\Users\\FRC_2013/wpilib/cpp/current/include" "-IC:\\Users\\FRC_2013\\workspace\\2015_v1\\src" -O0 -g3 -Wall -c -fmessage-length=0 -o "src\\Commands\\telCompress.o" "..\\src\\Commands\\telCompress.cpp" 
arm-frc-linux-gnueabi-g++ -std=c++1y "-IC:\\Users\\FRC_2013/wpilib/cpp/current/include" "-IC:\\Users\\FRC_2013\\workspace\\2015_v1\\src" -O0 -g3 -Wall -c -fmessage-length=0 -o "src\\Commands\\telMessages.o" "..\\src\\Commands\\telMessages.cpp" 
arm-frc-linux-gnueabi-g++ -std=c++1y "-IC:\\Users\\FRC_2013/wpilib/cpp/current/include" "-IC:\\Users\\FRC_2013\\workspace\\2015_v1\\src" -O0 -g3 -Wall -c -fmessage-length=0 -o "src\\Commands\\testCommand.o" "..\\src\\Commands\\testCommand.cpp" 
arm-frc-linux-gnueabi-g++ -std=c++1y "-IC:\\Users\\FRC_2013/wpilib/cpp/current/include" "-IC:\\Users\\FRC_2013\\workspace\\2015_v1\\src" -O0 -g3 -Wall -c -fmessage-length=0 -o "src\\Commands\\ExampleCommand.o" "..\\src\\Commands\\ExampleCommand.cpp" 
arm-frc-linux-gnueabi-g++ -std=c++1y "-IC:\\Users\\FRC_2013/wpilib/cpp/current/include" "-IC:\\Users\\FRC_2013\\workspace\\2015_v1\\src" -O0 -g3 -Wall -c -fmessage-length=0 -o "src\\Commands\\teleopCommand.o" "..\\src\\Commands\\teleopCommand.cpp" 
arm-frc-linux-gnueabi-g++ -std=c++1y "-IC:\\Users\\FRC_2013/wpilib/cpp/current/include" "-IC:\\Users\\FRC_2013\\workspace\\2015_v1\\src" -O0 -g3 -Wall -c -fmessage-length=0 -o "src\\IMUProcess.o" "..\\src\\IMUProcess.cpp" 
arm-frc-linux-gnueabi-g++ -std=c++1y "-IC:\\Users\\FRC_2013/wpilib/cpp/current/include" "-IC:\\Users\\FRC_2013\\workspace\\2015_v1\\src" -O0 -g3 -Wall -c -fmessage-length=0 -o "src\\IMUAdvanced.o" "..\\src\\IMUAdvanced.cpp" 
arm-frc-linux-gnueabi-g++ -std=c++1y "-IC:\\Users\\FRC_2013/wpilib/cpp/current/include" "-IC:\\Users\\FRC_2013\\workspace\\2015_v1\\src" -O0 -g3 -Wall -c -fmessage-length=0 -o "src\\BlankPIDOutput.o" "..\\src\\BlankPIDOutput.cpp" 
arm-frc-linux-gnueabi-g++ -std=c++1y "-IC:\\Users\\FRC_2013/wpilib/cpp/current/include" "-IC:\\Users\\FRC_2013\\workspace\\2015_v1\\src" -O0 -g3 -Wall -c -fmessage-length=0 -o "src\\Commands\\telControl.o" "..\\src\\Commands\\telControl.cpp" 
arm-frc-linux-gnueabi-g++ "-LC:\\Users\\FRC_2013/wpilib/cpp/current/lib" -Wl,-rpath,/opt/GenICam_v2_3/bin/Linux_armv7-a -o FRCUserProgram "src\\myUltrasonic.o" "src\\Subsystems\\myCompressor.o" "src\\Subsystems\\ExampleSubsystem.o" "src\\Subsystems\\Elevator.o" "src\\Subsystems\\Drive.o" "src\\Robot.o" "src\\OI.o" "src\\LIDAR.o" "src\\IMUProcess.o" "src\\IMUAdvanced.o" "src\\IMU.o" "src\\Commands\\testCommand.o" "src\\Commands\\teleopCommand.o" "src\\Commands\\telMessages.o" "src\\Commands\\telControl.o" "src\\Commands\\telCompress.o" "src\\Commands\\pollLIDAR.o" "src\\Commands\\moveToLocation.o" "src\\Commands\\commandWithAutomation.o" "src\\Commands\\autonomousCommand.o" "src\\Commands\\autonDriveIntoZone.o" "src\\Commands\\auton2T.o" "src\\Commands\\auton1T.o" "src\\Commands\\ExampleCommand.o" "src\\CommandBase.o" "src\\BlankPIDOutput.o" -lwpi 
c:/frc/bin/../lib/gcc/arm-frc-linux-gnueabi/4.9.1/../../../../arm-frc-linux-gnueabi/bin/ld.exe: warning: libstdc++.so.6, needed by C:\Users\FRC_2013/wpilib/cpp/current/lib\libFRC_NetworkCommunication.so.1.5.0, not found (try using -rpath or -rpath-link)
Info: Nothing to build for BasicBot
Info: Nothing to build for LIDARTest
14:18:50 **** Incremental Build of configuration Debug for project 2015_v1 ****
Info: Internal Builder is used for build
arm-frc-linux-gnueabi-g++ -std=c++1y "-IC:\\Users\\FRC_2013/wpilib/cpp/current/include" "-IC:\\Users\\FRC_2013\\workspace\\2015_v1\\src" -O0 -g3 -Wall -c -fmessage-length=0 -o "src\\Commands\\auton1T.o" "..\\src\\Commands\\auton1T.cpp" 
arm-frc-linux-gnueabi-g++ -std=c++1y "-IC:\\Users\\FRC_2013/wpilib/cpp/current/include" "-IC:\\Users\\FRC_2013\\workspace\\2015_v1\\src" -O0 -g3 -Wall -c -fmessage-length=0 -o "src\\CommandBase.o" "..\\src\\CommandBase.cpp" 
..\src\CommandBase.cpp: In static member function 'static void CommandBase::init()':
..\src\CommandBase.cpp:53:66: error: no matching function for call to 'Elevator::Elevator(int, int, int, int, int, int, int, int, int, int, int, int, int, int)'
  elevator = new Elevator(5, 3, 4, 2, 0, 1, 6, 2, 5, 3, 4, 1, 0, 1);
                                                                  ^
..\src\CommandBase.cpp:53:66: note: candidate is:
In file included from ..\src\CommandBase.h:10:0,
                 from ..\src\CommandBase.cpp:1:
..\src\Subsystems/Elevator.h:23:2: note: Elevator::Elevator(uint32_t, uint32_t, uint32_t, uint8_t, uint32_t, uint32_t, uint32_t, uint32_t, uint32_t, uint32_t)
  Elevator(uint32_t winchChannel, uint32_t armLChannel, uint32_t armRChannel,
  ^
..\src\Subsystems/Elevator.h:23:2: note:   candidate expects 10 arguments, 14 provided
Info: Nothing to build for BasicBot
Info: Nothing to build for LIDARTest
14:19:36 **** Incremental Build of configuration Debug for project 2015_v1 ****
Info: Internal Builder is used for build
arm-frc-linux-gnueabi-g++ -std=c++1y "-IC:\\Users\\FRC_2013/wpilib/cpp/current/include" "-IC:\\Users\\FRC_2013\\workspace\\2015_v1\\src" -O0 -g3 -Wall -c -fmessage-length=0 -o "src\\Commands\\teleopCommand.o" "..\\src\\Commands\\teleopCommand.cpp" 
arm-frc-linux-gnueabi-g++ -std=c++1y "-IC:\\Users\\FRC_2013/wpilib/cpp/current/include" "-IC:\\Users\\FRC_2013\\workspace\\2015_v1\\src" -O0 -g3 -Wall -c -fmessage-length=0 -o "src\\Commands\\telCompress.o" "..\\src\\Commands\\telCompress.cpp" 
arm-frc-linux-gnueabi-g++ -std=c++1y "-IC:\\Users\\FRC_2013/wpilib/cpp/current/include" "-IC:\\Users\\FRC_2013\\workspace\\2015_v1\\src" -O0 -g3 -Wall -c -fmessage-length=0 -o "src\\Commands\\telControl.o" "..\\src\\Commands\\telControl.cpp" 
..\src\Commands\telControl.cpp: In member function 'virtual void telControl::normalElevatorOperationLoop()':
..\src\Commands\telControl.cpp:75:13: error: 'class Elevator' has no member named 'setConveyor'
   elevator->setConveyor(-conveyorSpeed);
             ^
..\src\Commands\telControl.cpp:78:13: error: 'class Elevator' has no member named 'setConveyor'
   elevator->setConveyor(conveyorSpeed);
             ^
..\src\Commands\telControl.cpp:81:13: error: 'class Elevator' has no member named 'setConveyor'
   elevator->setConveyor(-conveyorSpeed);
             ^
..\src\Commands\telControl.cpp:84:13: error: 'class Elevator' has no member named 'setConveyor'
   elevator->setConveyor(conveyorSpeed);
             ^
..\src\Commands\telControl.cpp:87:13: error: 'class Elevator' has no member named 'setConveyor'
   elevator->setConveyor(0);
             ^
..\src\Commands\telControl.cpp:127:13: error: 'class Elevator' has no member named 'shiftMagazine'
   elevator->shiftMagazine();
             ^
Info: Nothing to build for BasicBot
Info: Nothing to build for LIDARTest
14:20:07 **** Incremental Build of configuration Debug for project 2015_v1 ****
Info: Internal Builder is used for build
arm-frc-linux-gnueabi-g++ -std=c++1y "-IC:\\Users\\FRC_2013/wpilib/cpp/current/include" "-IC:\\Users\\FRC_2013\\workspace\\2015_v1\\src" -O0 -g3 -Wall -c -fmessage-length=0 -o "src\\Commands\\moveToLocation.o" "..\\src\\Commands\\moveToLocation.cpp" 
arm-frc-linux-gnueabi-g++ -std=c++1y "-IC:\\Users\\FRC_2013/wpilib/cpp/current/include" "-IC:\\Users\\FRC_2013\\workspace\\2015_v1\\src" -O0 -g3 -Wall -c -fmessage-length=0 -o "src\\Subsystems\\Elevator.o" "..\\src\\Subsystems\\Elevator.cpp" 
In file included from ..\src\Subsystems\Elevator.cpp:1:0:
C:\Users\FRC_2013\workspace\2015_v1\src/Subsystems/Elevator.h: In constructor 'Elevator::Elevator(uint32_t, uint32_t, uint32_t, uint8_t, uint32_t, uint32_t, uint32_t, uint32_t, uint32_t, uint32_t)':
C:\Users\FRC_2013\workspace\2015_v1\src/Subsystems/Elevator.h:13:9: warning: 'Elevator::winchMotor' will be initialized after [-Wreorder]
  Victor winchMotor;
         ^
C:\Users\FRC_2013\workspace\2015_v1\src/Subsystems/Elevator.h:11:9: warning:   'Victor Elevator::armMotorR' [-Wreorder]
  Victor armMotorR;
         ^
..\src\Subsystems\Elevator.cpp:4:1: warning:   when initialized here [-Wreorder]
 Elevator::Elevator(uint32_t winchChannel, uint32_t armLChannel, uint32_t armRChannel,
 ^
arm-frc-linux-gnueabi-g++ -std=c++1y "-IC:\\Users\\FRC_2013/wpilib/cpp/current/include" "-IC:\\Users\\FRC_2013\\workspace\\2015_v1\\src" -O0 -g3 -Wall -c -fmessage-length=0 -o "src\\Commands\\telMessages.o" "..\\src\\Commands\\telMessages.cpp" 
arm-frc-linux-gnueabi-g++ -std=c++1y "-IC:\\Users\\FRC_2013/wpilib/cpp/current/include" "-IC:\\Users\\FRC_2013\\workspace\\2015_v1\\src" -O0 -g3 -Wall -c -fmessage-length=0 -o "src\\Commands\\telControl.o" "..\\src\\Commands\\telControl.cpp" 
arm-frc-linux-gnueabi-g++ -std=c++1y "-IC:\\Users\\FRC_2013/wpilib/cpp/current/include" "-IC:\\Users\\FRC_2013\\workspace\\2015_v1\\src" -O0 -g3 -Wall -c -fmessage-length=0 -o "src\\Commands\\auton2T.o" "..\\src\\Commands\\auton2T.cpp" 
arm-frc-linux-gnueabi-g++ -std=c++1y "-IC:\\Users\\FRC_2013/wpilib/cpp/current/include" "-IC:\\Users\\FRC_2013\\workspace\\2015_v1\\src" -O0 -g3 -Wall -c -fmessage-length=0 -o "src\\Commands\\ExampleCommand.o" "..\\src\\Commands\\ExampleCommand.cpp" 
arm-frc-linux-gnueabi-g++ -std=c++1y "-IC:\\Users\\FRC_2013/wpilib/cpp/current/include" "-IC:\\Users\\FRC_2013\\workspace\\2015_v1\\src" -O0 -g3 -Wall -c -fmessage-length=0 -o "src\\Robot.o" "..\\src\\Robot.cpp" 
arm-frc-linux-gnueabi-g++ -std=c++1y "-IC:\\Users\\FRC_2013/wpilib/cpp/current/include" "-IC:\\Users\\FRC_2013\\workspace\\2015_v1\\src" -O0 -g3 -Wall -c -fmessage-length=0 -o "src\\Commands\\autonDriveIntoZone.o" "..\\src\\Commands\\autonDriveIntoZone.cpp" 
arm-frc-linux-gnueabi-g++ -std=c++1y "-IC:\\Users\\FRC_2013/wpilib/cpp/current/include" "-IC:\\Users\\FRC_2013\\workspace\\2015_v1\\src" -O0 -g3 -Wall -c -fmessage-length=0 -o "src\\CommandBase.o" "..\\src\\CommandBase.cpp" 
arm-frc-linux-gnueabi-g++ -std=c++1y "-IC:\\Users\\FRC_2013/wpilib/cpp/current/include" "-IC:\\Users\\FRC_2013\\workspace\\2015_v1\\src" -O0 -g3 -Wall -c -fmessage-length=0 -o "src\\Commands\\pollLIDAR.o" "..\\src\\Commands\\pollLIDAR.cpp" 
arm-frc-linux-gnueabi-g++ -std=c++1y "-IC:\\Users\\FRC_2013/wpilib/cpp/current/include" "-IC:\\Users\\FRC_2013\\workspace\\2015_v1\\src" -O0 -g3 -Wall -c -fmessage-length=0 -o "src\\Commands\\commandWithAutomation.o" "..\\src\\Commands\\commandWithAutomation.cpp" 
arm-frc-linux-gnueabi-g++ "-LC:\\Users\\FRC_2013/wpilib/cpp/current/lib" -Wl,-rpath,/opt/GenICam_v2_3/bin/Linux_armv7-a -o FRCUserProgram "src\\myUltrasonic.o" "src\\Subsystems\\myCompressor.o" "src\\Subsystems\\ExampleSubsystem.o" "src\\Subsystems\\Elevator.o" "src\\Subsystems\\Drive.o" "src\\Robot.o" "src\\OI.o" "src\\LIDAR.o" "src\\IMUProcess.o" "src\\IMUAdvanced.o" "src\\IMU.o" "src\\Commands\\testCommand.o" "src\\Commands\\teleopCommand.o" "src\\Commands\\telMessages.o" "src\\Commands\\telControl.o" "src\\Commands\\telCompress.o" "src\\Commands\\pollLIDAR.o" "src\\Commands\\moveToLocation.o" "src\\Commands\\commandWithAutomation.o" "src\\Commands\\autonomousCommand.o" "src\\Commands\\autonDriveIntoZone.o" "src\\Commands\\auton2T.o" "src\\Commands\\auton1T.o" "src\\Commands\\ExampleCommand.o" "src\\CommandBase.o" "src\\BlankPIDOutput.o" -lwpi 
c:/frc/bin/../lib/gcc/arm-frc-linux-gnueabi/4.9.1/../../../../arm-frc-linux-gnueabi/bin/ld.exe: warning: libstdc++.so.6, needed by C:\Users\FRC_2013/wpilib/cpp/current/lib\libFRC_NetworkCommunication.so.1.5.0, not found (try using -rpath or -rpath-link)
Info: Nothing to build for BasicBot
Info: Nothing to build for LIDARTest
20:23:41 **** Incremental Build of configuration Debug for project 2015_v1 ****
Info: Internal Builder is used for build
arm-frc-linux-gnueabi-g++ -std=c++1y "-IC:\\Users\\FRC_2013/wpilib/cpp/current/include" "-IC:\\Users\\FRC_2013\\workspace\\2015_v1\\src" -O0 -g3 -Wall -c -fmessage-length=0 -o "src\\Commands\\auton1T.o" "..\\src\\Commands\\auton1T.cpp" 
arm-frc-linux-gnueabi-g++ -std=c++1y "-IC:\\Users\\FRC_2013/wpilib/cpp/current/include" "-IC:\\Users\\FRC_2013\\workspace\\2015_v1\\src" -O0 -g3 -Wall -c -fmessage-length=0 -o "src\\Commands\\commandWithAutomation.o" "..\\src\\Commands\\commandWithAutomation.cpp" 
arm-frc-linux-gnueabi-g++ -std=c++1y "-IC:\\Users\\FRC_2013/wpilib/cpp/current/include" "-IC:\\Users\\FRC_2013\\workspace\\2015_v1\\src" -O0 -g3 -Wall -c -fmessage-length=0 -o "src\\Commands\\telControl.o" "..\\src\\Commands\\telControl.cpp" 
arm-frc-linux-gnueabi-g++ -std=c++1y "-IC:\\Users\\FRC_2013/wpilib/cpp/current/include" "-IC:\\Users\\FRC_2013\\workspace\\2015_v1\\src" -O0 -g3 -Wall -c -fmessage-length=0 -o "src\\Commands\\moveToLocation.o" "..\\src\\Commands\\moveToLocation.cpp" 
arm-frc-linux-gnueabi-g++ -std=c++1y "-IC:\\Users\\FRC_2013/wpilib/cpp/current/include" "-IC:\\Users\\FRC_2013\\workspace\\2015_v1\\src" -O0 -g3 -Wall -c -fmessage-length=0 -o "src\\Subsystems\\Elevator.o" "..\\src\\Subsystems\\Elevator.cpp" 
In file included from ..\src\Subsystems\Elevator.cpp:1:0:
C:\Users\FRC_2013\workspace\2015_v1\src/Subsystems/Elevator.h: In constructor 'Elevator::Elevator(uint32_t, uint32_t, uint32_t, uint8_t, uint32_t, uint32_t, uint32_t, uint32_t, uint32_t, uint32_t)':
C:\Users\FRC_2013\workspace\2015_v1\src/Subsystems/Elevator.h:13:9: warning: 'Elevator::winchMotor' will be initialized after [-Wreorder]
  Victor winchMotor;
         ^
C:\Users\FRC_2013\workspace\2015_v1\src/Subsystems/Elevator.h:11:9: warning:   'Victor Elevator::armMotorR' [-Wreorder]
  Victor armMotorR;
         ^
..\src\Subsystems\Elevator.cpp:4:1: warning:   when initialized here [-Wreorder]
 Elevator::Elevator(uint32_t winchChannel, uint32_t armLChannel, uint32_t armRChannel,
 ^
arm-frc-linux-gnueabi-g++ -std=c++1y "-IC:\\Users\\FRC_2013/wpilib/cpp/current/include" "-IC:\\Users\\FRC_2013\\workspace\\2015_v1\\src" -O0 -g3 -Wall -c -fmessage-length=0 -o "src\\Commands\\teleopCommand.o" "..\\src\\Commands\\teleopCommand.cpp" 
arm-frc-linux-gnueabi-g++ -std=c++1y "-IC:\\Users\\FRC_2013/wpilib/cpp/current/include" "-IC:\\Users\\FRC_2013\\workspace\\2015_v1\\src" -O0 -g3 -Wall -c -fmessage-length=0 -o "src\\CommandBase.o" "..\\src\\CommandBase.cpp" 
arm-frc-linux-gnueabi-g++ -std=c++1y "-IC:\\Users\\FRC_2013/wpilib/cpp/current/include" "-IC:\\Users\\FRC_2013\\workspace\\2015_v1\\src" -O0 -g3 -Wall -c -fmessage-length=0 -o "src\\LIDAR.o" "..\\src\\LIDAR.cpp" 
In file included from ..\src\LIDAR.cpp:8:0:
C:\Users\FRC_2013\workspace\2015_v1\src/LIDAR.h: In constructor 'LIDAR::LIDAR()':
C:\Users\FRC_2013\workspace\2015_v1\src/LIDAR.h:33:6: warning: 'LIDAR::counter' will be initialized after [-Wreorder]
  int counter;
      ^
C:\Users\FRC_2013\workspace\2015_v1\src/LIDAR.h:32:6: warning:   'int LIDAR::cmReading' [-Wreorder]
  int cmReading;
      ^
..\src\LIDAR.cpp:18:1: warning:   when initialized here [-Wreorder]
 LIDAR::LIDAR() : I2C(I2C::Port::kMXP, address), counter(0), cmReading(0)
 ^
arm-frc-linux-gnueabi-g++ -std=c++1y "-IC:\\Users\\FRC_2013/wpilib/cpp/current/include" "-IC:\\Users\\FRC_2013\\workspace\\2015_v1\\src" -O0 -g3 -Wall -c -fmessage-length=0 -o "src\\Commands\\pollLIDAR.o" "..\\src\\Commands\\pollLIDAR.cpp" 
arm-frc-linux-gnueabi-g++ -std=c++1y "-IC:\\Users\\FRC_2013/wpilib/cpp/current/include" "-IC:\\Users\\FRC_2013\\workspace\\2015_v1\\src" -O0 -g3 -Wall -c -fmessage-length=0 -o "src\\Commands\\telCompress.o" "..\\src\\Commands\\telCompress.cpp" 
arm-frc-linux-gnueabi-g++ -std=c++1y "-IC:\\Users\\FRC_2013/wpilib/cpp/current/include" "-IC:\\Users\\FRC_2013\\workspace\\2015_v1\\src" -O0 -g3 -Wall -c -fmessage-length=0 -o "src\\Robot.o" "..\\src\\Robot.cpp" 
arm-frc-linux-gnueabi-g++ -std=c++1y "-IC:\\Users\\FRC_2013/wpilib/cpp/current/include" "-IC:\\Users\\FRC_2013\\workspace\\2015_v1\\src" -O0 -g3 -Wall -c -fmessage-length=0 -o "src\\Commands\\telMessages.o" "..\\src\\Commands\\telMessages.cpp" 
arm-frc-linux-gnueabi-g++ -std=c++1y "-IC:\\Users\\FRC_2013/wpilib/cpp/current/include" "-IC:\\Users\\FRC_2013\\workspace\\2015_v1\\src" -O0 -g3 -Wall -c -fmessage-length=0 -o "src\\Commands\\auton2T.o" "..\\src\\Commands\\auton2T.cpp" 
arm-frc-linux-gnueabi-g++ -std=c++1y "-IC:\\Users\\FRC_2013/wpilib/cpp/current/include" "-IC:\\Users\\FRC_2013\\workspace\\2015_v1\\src" -O0 -g3 -Wall -c -fmessage-length=0 -o "src\\Commands\\autonDriveIntoZone.o" "..\\src\\Commands\\autonDriveIntoZone.cpp" 
arm-frc-linux-gnueabi-g++ "-LC:\\Users\\FRC_2013/wpilib/cpp/current/lib" -Wl,-rpath,/opt/GenICam_v2_3/bin/Linux_armv7-a -o FRCUserProgram "src\\myUltrasonic.o" "src\\Subsystems\\myCompressor.o" "src\\Subsystems\\ExampleSubsystem.o" "src\\Subsystems\\Elevator.o" "src\\Subsystems\\Drive.o" "src\\Robot.o" "src\\OI.o" "src\\LIDAR.o" "src\\IMUProcess.o" "src\\IMUAdvanced.o" "src\\IMU.o" "src\\Commands\\testCommand.o" "src\\Commands\\teleopCommand.o" "src\\Commands\\telMessages.o" "src\\Commands\\telControl.o" "src\\Commands\\telCompress.o" "src\\Commands\\pollLIDAR.o" "src\\Commands\\moveToLocation.o" "src\\Commands\\commandWithAutomation.o" "src\\Commands\\autonomousCommand.o" "src\\Commands\\autonDriveIntoZone.o" "src\\Commands\\auton2T.o" "src\\Commands\\auton1T.o" "src\\CommandBase.o" "src\\BlankPIDOutput.o" "src\\Commands\\ExampleCommand.o" -lwpi 
c:/frc/bin/../lib/gcc/arm-frc-linux-gnueabi/4.9.1/../../../../arm-frc-linux-gnueabi/bin/ld.exe: warning: libstdc++.so.6, needed by C:\Users\FRC_2013/wpilib/cpp/current/lib\libFRC_NetworkCommunication.so.1.5.0, not found (try using -rpath or -rpath-link)
Info: Nothing to build for BasicBot
Info: Nothing to build for LIDARTest
Info: Nothing to build for 2015_v1
Info: Nothing to build for BasicBot
Info: Nothing to build for LIDARTest
20:27:36 **** Incremental Build of configuration Debug for project 2015_v1 ****
Info: Internal Builder is used for build
arm-frc-linux-gnueabi-g++ -std=c++1y "-IC:\\Users\\FRC_2013/wpilib/cpp/current/include" "-IC:\\Users\\FRC_2013\\workspace\\2015_v1\\src" -O0 -g3 -Wall -c -fmessage-length=0 -o "src\\Commands\\telMessages.o" "..\\src\\Commands\\telMessages.cpp" 
arm-frc-linux-gnueabi-g++ -std=c++1y "-IC:\\Users\\FRC_2013/wpilib/cpp/current/include" "-IC:\\Users\\FRC_2013\\workspace\\2015_v1\\src" -O0 -g3 -Wall -c -fmessage-length=0 -o "src\\Commands\\pollLIDAR.o" "..\\src\\Commands\\pollLIDAR.cpp" 
arm-frc-linux-gnueabi-g++ "-LC:\\Users\\FRC_2013/wpilib/cpp/current/lib" -Wl,-rpath,/opt/GenICam_v2_3/bin/Linux_armv7-a -o FRCUserProgram "src\\myUltrasonic.o" "src\\Subsystems\\myCompressor.o" "src\\Subsystems\\ExampleSubsystem.o" "src\\Subsystems\\Elevator.o" "src\\Subsystems\\Drive.o" "src\\Robot.o" "src\\OI.o" "src\\LIDAR.o" "src\\IMUProcess.o" "src\\IMUAdvanced.o" "src\\IMU.o" "src\\Commands\\testCommand.o" "src\\Commands\\teleopCommand.o" "src\\Commands\\telMessages.o" "src\\Commands\\telControl.o" "src\\Commands\\telCompress.o" "src\\Commands\\pollLIDAR.o" "src\\Commands\\moveToLocation.o" "src\\Commands\\commandWithAutomation.o" "src\\Commands\\autonomousCommand.o" "src\\Commands\\autonDriveIntoZone.o" "src\\Commands\\auton2T.o" "src\\Commands\\auton1T.o" "src\\CommandBase.o" "src\\BlankPIDOutput.o" -lwpi 
c:/frc/bin/../lib/gcc/arm-frc-linux-gnueabi/4.9.1/../../../../arm-frc-linux-gnueabi/bin/ld.exe: warning: libstdc++.so.6, needed by C:\Users\FRC_2013/wpilib/cpp/current/lib\libFRC_NetworkCommunication.so.1.5.0, not found (try using -rpath or -rpath-link)
Info: Nothing to build for BasicBot
Info: Nothing to build for LIDARTest
